兴华苑 | 10882元/m2 | 90天成交2套|13套正在出租
尚品御园 | 15506元/m2 | 90天成交0套|13套正在出租
莱茵河畔花园 | 12177元/m2 | 90天成交1套|16套正在出租
光盛豪庭 | 11630元/m2 | 90天成交1套|13套正在出租
家天下三期 | 16789元/m2 | 90天成交0套|21套正在出租
隆昊昊天园 | 12761元/m2 | 90天成交14套|57套正在出租
兴海苑C区 | 10726元/m2 | 90天成交0套|5套正在出租
长虹世纪荣廷 | 13530元/m2 | 90天成交5套|58套正在出租
家天下二期 | 16224元/m2 | 90天成交1套|21套正在出租
淮合花园 | 9248元/m2 | 90天成交7套|15套正在出租
兴海苑 | 10363元/m2 | 90天成交1套|10套正在出租
文一陶冲湖城市广场 | 12701元/m2 | 90天成交2套|55套正在出租
圣联梦溪小镇 | 11742元/m2 | 90天成交3套|26套正在出租
龙湾国际公寓 | 13432元/m2 | 90天成交0套|4套正在出租
力高君御世家 | 12032元/m2 | 90天成交0套|18套正在出租
阳光汇景 | 12353元/m2 | 90天成交4套|28套正在出租
中环东方名景 | 12133元/m2 | 90天成交1套|18套正在出租
家天下北郡 | 12281元/m2 | 90天成交0套|129套正在出租
兴海苑D区 | 10400元/m2 | 90天成交2套|5套正在出租
康城静林湾 | 13596元/m2 | 90天成交2套|8套正在出租
绿地香树花城 | 13061元/m2 | 90天成交2套|88套正在出租
碧水雅居 | 12725元/m2 | 90天成交2套|12套正在出租
国耀园上园 | 13648元/m2 | 90天成交7套|24套正在出租
巴黎春天爱丽舍三期 | 13295元/m2 | 90天成交0套|7套正在出租
信达格兰云天三期 | 13478元/m2 | 90天成交1套|17套正在出租
中环云公馆 | 12078元/m2 | 90天成交0套|6套正在出租
利港尚公馆 | 13818元/m2 | 90天成交0套|5套正在出租
帝豪星港湾 | 13649元/m2 | 90天成交2套|17套正在出租
香江生态丽景 | 12796元/m2 | 90天成交0套|21套正在出租
陶冲湖别院 | 16444元/m2 | 90天成交2套|31套正在出租
武里山天街 | 11905元/m2 | 90天成交0套|24套正在出租
信达格兰云天 | 13179元/m2 | 90天成交1套|17套正在出租
金成港湾 | 12954元/m2 | 90天成交1套|18套正在出租
大富新领地 | 11968元/m2 | 90天成交1套|37套正在出租
合郢花园 | 7829元/m2 | 90天成交0套|22套正在出租
铁静苑A区 | 10813元/m2 | 90天成交0套|4套正在出租
兴华苑B区 | 10505元/m2 | 90天成交4套|22套正在出租
方桥新镇 | 9640元/m2 | 90天成交0套|8套正在出租
晨阳世纪城 | 10585元/m2 | 90天成交2套|3套正在出租
康城水云间 | 12970元/m2 | 90天成交1套|28套正在出租
华府竹丝苑北苑 | 13551元/m2 | 90天成交1套|11套正在出租
实嘉原创生活 | 13038元/m2 | 90天成交0套|20套正在出租
铁静苑3期 | 11093元/m2 | 90天成交0套|8套正在出租
北岗花园 | 9197元/m2 | 90天成交1套|18套正在出租
瑶东北村 | 11205元/m2 | 90天成交2套|12套正在出租
金海花园 | 12498元/m2 | 90天成交0套|7套正在出租
朗香书院 | 13165元/m2 | 90天成交0套|45套正在出租
瑶海家园 | 10561元/m2 | 90天成交1套|14套正在出租
湖畔兰庭 | 12744元/m2 | 90天成交0套|3套正在出租
金辉悦府 | 12692元/m2 | 90天成交2套|37套正在出租
铁静苑B区 | 10388元/m2 | 90天成交0套|8套正在出租
林语人家 | 12276元/m2 | 90天成交1套|4套正在出租
香江生态名郡 | 10706元/m2 | 90天成交0套|3套正在出租
新海尚宸家园 | 10973元/m2 | 90天成交0套|22套正在出租
碧云阁 | 13162元/m2 | 90天成交0套|7套正在出租
铁静苑二期 | 11290元/m2 | 90天成交0套|5套正在出租
家天下一期 | 16619元/m2 | 90天成交1套|17套正在出租
巴黎春天 | 12950元/m2 | 90天成交1套|27套正在出租
国轩假日 | 11621元/m2 | 90天成交0套|3套正在出租
东湖山庄清水苑 | 12279元/m2 | 90天成交1套|10套正在出租
隆昊昊博园 | 13083元/m2 | 90天成交0套|14套正在出租
保利罗兰香谷 | 暂无 | 90天成交0套|0套正在出租
香江生态丽景D区 | 12008元/m2 | 90天成交0套|4套正在出租
招商公园1872 | 14607元/m2 | 90天成交0套|0套正在出租
安粮双景佳苑 | 11812元/m2 | 90天成交0套|38套正在出租
家天下四期 | 16880元/m2 | 90天成交1套|33套正在出租
天柱山路西北兴淮实业公司宿舍 | 10263元/m2 | 90天成交0套|0套正在出租
文一星河港湾 | 13167元/m2 | 90天成交0套|8套正在出租
天水家园 | 暂无 | 90天成交0套|0套正在出租
华润熙云府 | 14012元/m2 | 90天成交2套|4套正在出租
当代MOMΛ未来城 | 11267元/m2 | 90天成交6套|119套正在出租
德邦翠馨居 | 11997元/m2 | 90天成交0套|3套正在出租
中建开元御湖公馆 | 暂无 | 90天成交0套|0套正在出租
禹洲中央城 | 14807元/m2 | 90天成交0套|7套正在出租
中兴西湖花园 | 12752元/m2 | 90天成交0套|12套正在出租
旭辉•公园府 | 暂无 | 90天成交0套|0套正在出租
学林春晓 | 暂无 | 90天成交0套|0套正在出租
馥邦商务广场 | 6842元/m2 | 90天成交0套|22套正在出租
香江生态丽景C区 | 12448元/m2 | 90天成交1套|20套正在出租
银城旭辉樾溪臺 | 暂无 | 90天成交0套|0套正在出租
华地紫悦府 | 12865元/m2 | 90天成交0套|0套正在出租
张洼路 | 13343元/m2 | 90天成交0套|0套正在出租
皖投万科天下艺境 | 19677元/m2 | 90天成交0套|0套正在出租
南山柠檬郡 | 暂无 | 90天成交0套|0套正在出租
青年创业大厦 | 暂无 | 90天成交0套|0套正在出租
利浩财智广场 | 暂无 | 90天成交0套|0套正在出租
东元家园三期 | 6993元/m2 | 90天成交0套|2套正在出租
蓝光林肯公园 | 12419元/m2 | 90天成交0套|0套正在出租
东元家园二期 | 8513元/m2 | 90天成交0套|0套正在出租
少荃家园 | 9357元/m2 | 90天成交0套|0套正在出租
文忠苑A区 | 8053元/m2 | 90天成交0套|0套正在出租
正荣悦都荟 | 14957元/m2 | 90天成交0套|0套正在出租
新店花园 | 9637元/m2 | 90天成交0套|4套正在出租
绿都少荃府 | 12691元/m2 | 90天成交0套|0套正在出租
瑞星家园 | 13461元/m2 | 90天成交0套|1套正在出租
瑶北新村 | 10788元/m2 | 90天成交0套|6套正在出租
和昌香樟原著 | 15135元/m2 | 90天成交0套|0套正在出租
碧桂园正荣悦玺 | 14270元/m2 | 90天成交0套|0套正在出租
瑶海新村 | 13321元/m2 | 90天成交0套|1套正在出租
绿地柏仕公馆 | 13998元/m2 | 90天成交0套|0套正在出租
皖江村 | 12101元/m2 | 90天成交0套|8套正在出租
新站中心集贸市场 | 10672元/m2 | 90天成交0套|0套正在出租
文一锦门学院里 | 13638元/m2 | 90天成交0套|0套正在出租
清华名苑 | 10305元/m2 | 90天成交0套|5套正在出租
瑶东新村 | 11006元/m2 | 90天成交0套|7套正在出租
天元新城 | 8759元/m2 | 90天成交0套|1套正在出租
勤居苑小区 | 9819元/m2 | 90天成交0套|3套正在出租
瑶海佳苑兴华苑C区 | 10833元/m2 | 90天成交0套|24套正在出租
春茂花苑 | 10507元/m2 | 90天成交1套|2套正在出租
京商商贸城 | 6187元/m2 | 90天成交0套|33套正在出租
徽州人家 | 11389元/m2 | 90天成交0套|5套正在出租
勤居苑东区 | 9531元/m2 | 90天成交0套|3套正在出租
香江生态丽景B区 | 12730元/m2 | 90天成交0套|3套正在出租
天水苑 | 9892元/m2 | 90天成交0套|3套正在出租
文浍苑 | 9567元/m2 | 90天成交0套|0套正在出租
华府竹丝苑南苑 | 16986元/m2 | 90天成交0套|5套正在出租
