信地华地城 | 14497元/m2 | 90天成交12套|107套正在出租
禹洲华侨城三期枫园 | 16505元/m2 | 90天成交13套|21套正在出租
禹洲华侨城三期荷园 | 16486元/m2 | 90天成交21套|19套正在出租
禹洲天玺 | 14818元/m2 | 90天成交13套|173套正在出租
文一名门绿洲 | 14537元/m2 | 90天成交12套|80套正在出租
禹洲华侨城二期柳园 | 17134元/m2 | 90天成交17套|13套正在出租
东冠繁华逸城 | 15162元/m2 | 90天成交10套|44套正在出租
绿地新都会 西城国际花都 二期 | 14005元/m2 | 90天成交5套|7套正在出租
绿地海德公馆 | 13999元/m2 | 90天成交8套|77套正在出租
长安萨尔斯堡 | 14917元/m2 | 90天成交4套|9套正在出租
鼎元公馆 | 15615元/m2 | 90天成交5套|4套正在出租
华地翡翠蓝湾 | 16153元/m2 | 90天成交1套|4套正在出租
农资商住楼 | 11924元/m2 | 90天成交0套|0套正在出租
新华阳光国际 | 14757元/m2 | 90天成交3套|1套正在出租
旭日长安 | 13324元/m2 | 90天成交1套|1套正在出租
光明观澜公馆 | 13169元/m2 | 90天成交6套|35套正在出租
泰来傲城 | 12485元/m2 | 90天成交0套|0套正在出租
太平洋森活公馆 | 14539元/m2 | 90天成交2套|1套正在出租
三圆 | 10541元/m2 | 90天成交0套|0套正在出租
华南城紫荆名都馨园 | 10843元/m2 | 90天成交12套|14套正在出租
书香雅苑 | 12403元/m2 | 90天成交0套|0套正在出租
联建楼 | 10249元/m2 | 90天成交0套|0套正在出租
瑞康家园 | 12380元/m2 | 90天成交0套|0套正在出租
幸福大街东区 | 14896元/m2 | 90天成交0套|2套正在出租
花园锦绣大地城 | 14334元/m2 | 90天成交3套|9套正在出租
安全苑小区 | 11373元/m2 | 90天成交0套|0套正在出租
富康居小区 | 11455元/m2 | 90天成交0套|0套正在出租
绿地西城国际花都 | 14528元/m2 | 90天成交1套|3套正在出租
光明观澜印象 | 14354元/m2 | 90天成交1套|2套正在出租
新华御湖庄园 | 21885元/m2 | 90天成交0套|4套正在出租
多伦多花园 | 15168元/m2 | 90天成交0套|3套正在出租
合肥市公路管理局肥西分局 | 9576元/m2 | 90天成交0套|0套正在出租
华地翡翠蓝湾二期 | 14674元/m2 | 90天成交1套|7套正在出租
名邦西城国际 | 14148元/m2 | 90天成交2套|1套正在出租
金云国际 | 13851元/m2 | 90天成交2套|0套正在出租
禹洲华侨城一期 | 16616元/m2 | 90天成交3套|13套正在出租
翰林水岸 | 13208元/m2 | 90天成交0套|0套正在出租
肥西县粮食局 | 11087元/m2 | 90天成交0套|0套正在出租
学林雅苑 | 13759元/m2 | 90天成交1套|26套正在出租
绿地海德公馆二期 | 13940元/m2 | 90天成交0套|18套正在出租
金宇天地城 | 14517元/m2 | 90天成交0套|0套正在出租
东南花园 | 11716元/m2 | 90天成交1套|0套正在出租
和昌中央悦府 | 14041元/m2 | 90天成交2套|63套正在出租
文一名门御府 | 15011元/m2 | 90天成交3套|4套正在出租
沃顿花园 | 14964元/m2 | 90天成交0套|0套正在出租
食品小区 | 11055元/m2 | 90天成交0套|0套正在出租
观澜学府 | 13345元/m2 | 90天成交3套|2套正在出租
原树提香 | 16735元/m2 | 90天成交2套|6套正在出租
龙飞明珠花园北区 | 10647元/m2 | 90天成交0套|0套正在出租
锦程大厦 | 12234元/m2 | 90天成交0套|1套正在出租
华南城紫荆名都二期沁园 | 11388元/m2 | 90天成交1套|21套正在出租
幸福大街西区 | 14176元/m2 | 90天成交2套|14套正在出租
华商公馆 | 14751元/m2 | 90天成交0套|4套正在出租
南空花园小区 | 12420元/m2 | 90天成交0套|1套正在出租
名邦西城秀里 | 14000元/m2 | 90天成交0套|2套正在出租
上园 | 13275元/m2 | 90天成交3套|1套正在出租
华地紫金府 | 14816元/m2 | 90天成交0套|6套正在出租
好运长安 | 13158元/m2 | 90天成交4套|3套正在出租
菁华园 | 10954元/m2 | 90天成交0套|0套正在出租
长安一品 | 15016元/m2 | 90天成交1套|2套正在出租
安徽水电学院教师公寓 | 13788元/m2 | 90天成交3套|3套正在出租
卫星社区 | 6762元/m2 | 90天成交0套|0套正在出租
繁华新园 | 8696元/m2 | 90天成交0套|4套正在出租
金桂苑小区 | 10974元/m2 | 90天成交1套|0套正在出租
中街水晶城 | 14015元/m2 | 90天成交2套|0套正在出租
开拓环球世家 | 13273元/m2 | 90天成交1套|0套正在出租
金星和园北区 | 6653元/m2 | 90天成交0套|0套正在出租
上河城 | 暂无 | 90天成交0套|0套正在出租
太平洋森活广场 | 12132元/m2 | 90天成交0套|4套正在出租
前城上品 | 13277元/m2 | 90天成交0套|2套正在出租
和安家园 | 16625元/m2 | 90天成交0套|2套正在出租
新华书店宿舍 | 12200元/m2 | 90天成交0套|0套正在出租
新城家园(肥西县) | 10581元/m2 | 90天成交0套|1套正在出租
美好紫蓬山壹号 | 暂无 | 90天成交0套|0套正在出租
包公路163号 | 8234元/m2 | 90天成交0套|0套正在出租
水安盛世桃源 | 15652元/m2 | 90天成交0套|2套正在出租
医药小区 | 暂无 | 90天成交0套|0套正在出租
巴厘·阳光 | 14595元/m2 | 90天成交0套|2套正在出租
舒雅文沁苑 | 10453元/m2 | 90天成交0套|0套正在出租
华商广场 | 28065元/m2 | 90天成交0套|2套正在出租
文一西溪湾 | 13744元/m2 | 90天成交0套|2套正在出租
书苑雅居 | 5497元/m2 | 90天成交0套|0套正在出租
融创玖樟台 | 18484元/m2 | 90天成交0套|6套正在出租
春景花园 | 12514元/m2 | 90天成交1套|1套正在出租
肥西县政府大院 | 12552元/m2 | 90天成交0套|1套正在出租
顺和家园北区 | 7023元/m2 | 90天成交0套|1套正在出租
名邦中央公馆 | 15813元/m2 | 90天成交0套|0套正在出租
星河家园西区 | 11086元/m2 | 90天成交0套|0套正在出租
万派城 | 14421元/m2 | 90天成交0套|0套正在出租
金辉中梁优步学府 | 暂无 | 90天成交0套|0套正在出租
高速时代御府 | 暂无 | 90天成交0套|0套正在出租
灯塔小区 | 暂无 | 90天成交0套|0套正在出租
卫星社区 | 6762元/m2 | 90天成交0套|0套正在出租
四十埠家园 | 8102元/m2 | 90天成交0套|1套正在出租
金星和园南区 | 7712元/m2 | 90天成交0套|0套正在出租
柏堰雅苑 | 8431元/m2 | 90天成交0套|2套正在出租
西城时代花园 | 暂无 | 90天成交0套|0套正在出租
金星和园北区 | 6653元/m2 | 90天成交0套|0套正在出租
包公路163号 | 8234元/m2 | 90天成交0套|0套正在出租
医药小区 | 暂无 | 90天成交0套|0套正在出租
新华书店宿舍 | 12200元/m2 | 90天成交0套|0套正在出租
舒雅文沁苑 | 10453元/m2 | 90天成交0套|0套正在出租
美好紫蓬山壹号 | 暂无 | 90天成交0套|0套正在出租
华商广场 | 28065元/m2 | 90天成交0套|2套正在出租
上河城 | 暂无 | 90天成交0套|0套正在出租
幸福楼 | 7650元/m2 | 90天成交0套|0套正在出租
张郢小区 | 8061元/m2 | 90天成交0套|0套正在出租
朝南新村 | 10894元/m2 | 90天成交0套|0套正在出租
方郢商住楼 | 9839元/m2 | 90天成交1套|0套正在出租
宾馆小区 | 12740元/m2 | 90天成交0套|0套正在出租
农机厂宿舍楼 | 10429元/m2 | 90天成交0套|0套正在出租
政园小区 | 10971元/m2 | 90天成交0套|0套正在出租
玫瑰苑(肥西) | 9729元/m2 | 90天成交0套|0套正在出租
新鑫公寓 | 11339元/m2 | 90天成交0套|0套正在出租
沿河花园小区 | 11351元/m2 | 90天成交0套|0套正在出租
警安花园 | 12522元/m2 | 90天成交0套|0套正在出租
大众时代广场小区 | 9961元/m2 | 90天成交0套|0套正在出租
同心巷 | 10946元/m2 | 90天成交0套|0套正在出租
宝地家园 | 11823元/m2 | 90天成交0套|0套正在出租
文苑巷 | 10440元/m2 | 90天成交0套|0套正在出租
钱江1号公馆 | 14411元/m2 | 90天成交0套|1套正在出租
农贸大市场 | 8971元/m2 | 90天成交0套|1套正在出租
桃花社区桃花新村小区 | 12471元/m2 | 90天成交0套|0套正在出租
水岸豪庭 | 13282元/m2 | 90天成交0套|0套正在出租
华斌楼 | 暂无 | 90天成交0套|0套正在出租
预制厂小区 | 11463元/m2 | 90天成交1套|0套正在出租
禹洲天玺二期 | 15785元/m2 | 90天成交0套|0套正在出租
凉亭小区 | 暂无 | 90天成交0套|0套正在出租
新华路安置楼 | 暂无 | 90天成交0套|0套正在出租
凉亭雅苑 | 8048元/m2 | 90天成交0套|1套正在出租
九九商住楼 | 9940元/m2 | 90天成交0套|0套正在出租
城东小区 | 12116元/m2 | 90天成交0套|1套正在出租
幸福园 | 暂无 | 90天成交0套|0套正在出租
宝地家园 | 11823元/m2 | 90天成交0套|0套正在出租
圆通商厦 | 10182元/m2 | 90天成交0套|0套正在出租
上派镇包公路小区 | 9323元/m2 | 90天成交0套|0套正在出租
盛世珑门 | 13590元/m2 | 90天成交0套|0套正在出租
聚缘山庄 | 11001元/m2 | 90天成交0套|0套正在出租
顺和家园南区 | 7843元/m2 | 90天成交0套|6套正在出租
镇政府大院 | 暂无 | 90天成交0套|0套正在出租
新城花园 | 11067元/m2 | 90天成交0套|0套正在出租
省水安公司 | 13583元/m2 | 90天成交0套|0套正在出租
众鑫楼 | 9833元/m2 | 90天成交0套|0套正在出租
安居苑小区 | 11000元/m2 | 90天成交0套|0套正在出租
桦樟名苑 | 10719元/m2 | 90天成交0套|0套正在出租
翡翠三期 | 暂无 | 90天成交0套|1套正在出租
丰辉国际广场 | 暂无 | 90天成交0套|0套正在出租
包公家园 | 11503元/m2 | 90天成交0套|0套正在出租
鑫林雅居小区 | 10657元/m2 | 90天成交0套|0套正在出租
名流高尔夫庄园 | 13695元/m2 | 90天成交0套|0套正在出租
华南城紫荆名都三期 | 11069元/m2 | 90天成交0套|0套正在出租
顺和家园南区 | 7843元/m2 | 90天成交0套|6套正在出租
维C派 | 暂无 | 90天成交0套|0套正在出租
观澜天下 | 19765元/m2 | 90天成交0套|0套正在出租
云海家园 | 11591元/m2 | 90天成交0套|0套正在出租
安居苑小区 | 11000元/m2 | 90天成交0套|0套正在出租
万振紫蓬湾 | 14894元/m2 | 90天成交0套|0套正在出租
翡翠三期 | 暂无 | 90天成交0套|1套正在出租
顺美家园 | 8806元/m2 | 90天成交0套|1套正在出租
省水安公司 | 13583元/m2 | 90天成交0套|0套正在出租
张郢小区（二区） | 7160元/m2 | 90天成交0套|0套正在出租
龙飞明珠花园南区 | 10552元/m2 | 90天成交0套|0套正在出租
镇政府大院 | 暂无 | 90天成交0套|0套正在出租
钱江1号公馆 | 14411元/m2 | 90天成交0套|1套正在出租
丽景湾 | 12337元/m2 | 90天成交0套|0套正在出租
聚鑫公寓 | 暂无 | 90天成交0套|0套正在出租
滨河家园 | 9106元/m2 | 90天成交0套|2套正在出租
好运雅苑小区 | 10041元/m2 | 90天成交0套|0套正在出租
阳光公寓 | 10197元/m2 | 90天成交1套|0套正在出租
鑫鑫花园 | 10642元/m2 | 90天成交0套|0套正在出租
南郢社区 | 7238元/m2 | 90天成交0套|0套正在出租
旺郢家园 | 9445元/m2 | 90天成交0套|0套正在出租
朝南新村 | 10894元/m2 | 90天成交0套|0套正在出租
商会楼 | 10197元/m2 | 90天成交0套|0套正在出租
九九商住楼 | 9940元/m2 | 90天成交0套|0套正在出租
丽丰铂羽公馆 | 14881元/m2 | 90天成交0套|1套正在出租
新华九龙首府 | 暂无 | 90天成交0套|0套正在出租
泰来尚品 | 12553元/m2 | 90天成交0套|0套正在出租
滨水苑 | 暂无 | 90天成交0套|0套正在出租
新华街3号楼 | 暂无 | 90天成交0套|0套正在出租
西南欢乐城 | 暂无 | 90天成交0套|0套正在出租
巢湖西路新汽车站综合楼 | 9892元/m2 | 90天成交0套|0套正在出租
滨河雅苑 | 15801元/m2 | 90天成交0套|0套正在出租
滨河小区 | 7606元/m2 | 90天成交0套|0套正在出租
翡翠家园 | 9389元/m2 | 90天成交0套|0套正在出租
科创和谐盛世 | 14296元/m2 | 90天成交1套|0套正在出租
华悦公馆 | 13336元/m2 | 90天成交0套|0套正在出租
肥西中学西区宿舍楼 | 11356元/m2 | 90天成交0套|0套正在出租
庐南星河家园东区 | 10862元/m2 | 90天成交0套|0套正在出租
肥西县烟草局院家属楼 | 11968元/m2 | 90天成交0套|0套正在出租
公园新村 | 11163元/m2 | 90天成交0套|1套正在出租
金水苑 | 10621元/m2 | 90天成交0套|0套正在出租
