信地华地城
禹洲华侨城三期枫园
禹洲华侨城三期荷园
禹洲天玺
文一名门绿洲
禹洲华侨城二期柳园
东冠繁华逸城
绿地新都会 西城国际花都 二期
绿地海德公馆
长安萨尔斯堡
鼎元公馆
农资商住楼
华地翡翠蓝湾
新华阳光国际
旭日长安
光明观澜公馆
泰来傲城
太平洋森活公馆
三圆
书香雅苑
华南城紫荆名都馨园
花园锦绣大地城
联建楼
绿地西城国际花都
瑞康家园
幸福大街东区
光明观澜印象
华地翡翠蓝湾二期
多伦多花园
安全苑小区
禹洲华侨城一期
学林雅苑
富康居小区
和昌中央悦府
名邦西城国际
新华御湖庄园
翰林水岸
原树提香
华南城紫荆名都二期沁园
绿地海德公馆二期
合肥市公路管理局肥西分局
幸福大街西区
金云国际
金宇天地城
好运长安
文一名门御府
安徽水电学院教师公寓
肥西县粮食局
沃顿花园
中街水晶城
东南花园
观澜学府
太平洋森活广场
和安家园
锦程大厦
南空花园小区
食品小区
上园
龙飞明珠花园北区
华商公馆
长安一品
繁华新园
名邦西城秀里
华地紫金府
金桂苑小区
菁华园
开拓环球世家
前城上品
金辉中梁优步学府
新城家园(肥西县)
水建花园小区
馆驿花园
水安盛世桃源
中海嶺湖湾
巴厘·阳光
皖投国滨世家
文一西溪湾
书苑雅居
融创玖樟台
高速时代御府
玖方广场
春景花园
肥西县政府大院
顺和家园北区
名邦中央公馆
星河家园西区
万派城
锦绣花园
丰辉国际广场
柏堰雅苑
万振紫蓬湾
朝南新村
金星和园北区
舒雅文沁苑
朝南新村
华商广场
同心巷
公园新村
玫瑰苑(肥西)
新华书店宿舍
大众时代广场小区
幸福楼
农机厂宿舍楼
方郢商住楼
商会楼
统建楼
美好紫蓬山壹号
包公路花炮中心小区
文苑巷
金水苑
祥欣楼
包公路163号
建工大厦
邮电小区
圆通商厦
客运八公司楼
圆通商厦
医药小区
医药小区
包公路小区
沿河花园小区
沿河花园小区
华商广场
镇政府大院
上派镇包公路小区
警安花园
新华路安置楼
加侨波普驻区
上派镇包公路小区
新华街3号楼
禹洲天玺二期
禹洲天玺二期
巢湖西路新汽车站综合楼
玫瑰苑(肥西)
阳光公寓
维C派
万振紫蓬湾
观澜天下
泰来尚品
巢湖西路新汽车站综合楼
鑫鑫花园
商会楼
中铁四局七公司
华斌楼
鲲鹏楼
九九商住楼
城南新村
中铁四局七公司
泰来尚品
滨水苑
水岸豪庭
鲲鹏楼
锦绣花园
大众时代广场小区
新华苑
鑫鑫花园
金水苑
巢湖路水利局宿舍
城南方郢
农机厂宿舍楼
客运八公司楼
花苑小区
肥西县烟草局院家属楼
星月楼
科技实业园
公园新村
好运
福乐园小区
舒雅文沁苑
加侨波普驻区
建工大厦
众鑫楼
翡翠三期
丰辉国际广场
柏堰雅苑
城南新村
安居苑小区
肥西中学西区宿舍楼
锦绣苑
顺美家园
丽景湾
预制厂小区
丽丰铂羽公馆
巢湖路水利局宿舍
西南欢乐城
观澜天下
华南城紫荆名都三期
西苑新村
庐南星河家园东区
堰湖山庄东区
桃花苑
龙飞明珠花园南区
农贸大市场
滨河雅苑
香樟花园
聚鑫公寓
宝地家园
科创和谐盛世
盛世珑门
钱江1号公馆
城东小区
摩恩时代花园
鑫林雅居小区
省水安公司
名流高尔夫庄园
幸福园
华悦公馆
宾馆小区
紫蓬花园
云海家园
新鑫公寓
政园小区
好运雅苑小区
聚缘山庄
新城花园
新华九龙首府
桦樟名苑
