蓝鼎观湖苑
保利拉菲公馆
蓝鼎滨湖假日翰林园
淮矿东方蓝海
滨湖万科城
万达揽湖苑
宝能城
旭辉御府
中海滨湖公馆
合肥云谷
宝能城二期
淮矿东方蓝海四期
世纪城徽杰苑
世纪城春融苑
临湖苑B区
世纪城振徽苑
蓝鼎滨湖假日清华园
中铁滨湖名邸
淮矿东方蓝海二期
滨湖和园
临湖苑E区
万象公馆北区
巴黎都市波旁宫
万科蓝山一期
世纪城徽贵苑
亲湖苑B区
万达悦湖苑
蓝鼎滨湖假日枫丹园
保利海上五月花B区
琥珀瑞安家园
亲湖苑A区
保利海上五月花
世纪城临滨苑
万象公馆南区
淮矿东方蓝海三期
巴黎都市凯旋宫
亲湖苑C区
高速滨湖时代广场
蓝鼎滨湖假日金榈园
水丽坊自在城
临湖苑A区
世纪城徽昌苑
联投新安里B区
淮矿东方蓝海六期
和昌中央城邦
临湖苑D区
南丽湾
世纪城琼林苑
高速时代城二期
巴黎都市美泉宫
皖都徽韵和锦园
高速时代城一期
临湖苑F区
保利海上五月花D区
紫辰阁
临湖苑C区
信达银杏尚郡
万科蓝山二期
信达公园里
书香门第西区
滨湖阳光里
华冶水晶公馆
滨湖欣园
联投新安里A区
淮矿东方蓝海五期
滨湖家园
银河幸福广场
恒大中心
徽盐世纪广场
世纪城树荫苑
包河苑
高速时代广场公寓
滨湖品阁
华盛格林丽景
滨湖新地城
保利海上五月花C区
皖新朗诗绿郡
书香门第东区
滨湖明珠
锦绣淮苑
文一名门湖语
文华阁
包河花园E区
亲湖苑D区
滨湖惠园
华夏茗湾学府
皖都徽韵和馨园
包河花园建设小区
未来领地
包河花园C区
万科时代之光
九珑湾
盛景融城
滨湖世纪城福徽苑
广视花园
安粮中心
滨湖康园南区
滨湖双玺
丽水家园
华盛格林雅地
湖畔景苑
金泉小区
广视花园东区
包河花园B区
文一塘溪津门
世纪金源国际公寓
包河花园A区
滨湖顺园北区
棠溪人家
滨湖向上城
包河苑E区
包河花园D区
利港银河广场
皖都徽韵清华坊
金葡萄家园小区
绿城招商诚园
龙湖·景粼玖序
南翔汽车智慧新城
南翔茗座
合肥金融港
金葡萄家园D区
金葡萄家园B区(太原路)
万达文旅新城
上风尚城
春晖园
华夏国际茶博城
葛洲坝中国府
海伦国际
竹园
滨湖正荣府
联投V中心
招商雍华府
华夏茶里水街
碧桂园中堂
佳源巴黎都市三期
万泓中心
铂澜商务中心
唯美·创想城
安凯南区
紫云赋江山印
未来塔
公元天下
滨湖假日花园万国农贸
万达银座
万达城融园
金科博翠天辰
包河苑广电小区
南翔汽车智慧新城
品味紫园
华冶嘉誉
都会1907
龙湖·景粼玖序
绿城招商诚园
春晖园
金葡萄家园A区
和昌中心
53度广场
安凯北区
滨水湾小区
文一豪门金地
紫云赋
国开公馆
高速滨湖时代广场金融中心
包河花园前进小区
滨湖顺园南区
高速中央广场
美丹家园
滨湖瑞园北区
滨湖桂园
滨湖宝文中心
国购中心
蓝山CBD
滨湖菊园
合肥云谷二期
中辰未来港
包河花园园林小区
渝林桥畔
新城大都会
包河苑F区
铂澜商务中心
未来塔
滨湖瑞园南区
滨湖康园北区
