光明观澜印象
多伦多花园
名邦西城国际
翰林水岸
绿地海德公馆二期
金宇天地城
信地华地城
文一名门御府
沃顿花园
禹洲华侨城三期枫园
观澜学府
禹洲华侨城三期荷园
锦程大厦
禹洲天玺
南空花园小区
文一名门绿洲
上园
长安一品
繁华新园
禹洲华侨城二期柳园
金桂苑小区
开拓环球世家
东冠繁华逸城
前城上品
农资商住楼
绿地新都会 西城国际花都 二期
新城家园(肥西县)
旭日长安
绿地海德公馆
泰来傲城
水安盛世桃源
巴厘·阳光
文一西溪湾
长安萨尔斯堡
三圆
书苑雅居
鼎元公馆
融创玖樟台
书香雅苑
华地翡翠蓝湾
联建楼
春景花园
瑞康家园
新华阳光国际
肥西县政府大院
光明观澜公馆
幸福大街东区
顺和家园北区
安全苑小区
太平洋森活公馆
名邦中央公馆
富康居小区
华南城紫荆名都馨园
星河家园西区
花园锦绣大地城
万派城
新华御湖庄园
合肥市公路管理局肥西分局
绿地西城国际花都
金云国际
华地翡翠蓝湾二期
肥西县粮食局
禹洲华侨城一期
学林雅苑
东南花园
和昌中央悦府
食品小区
原树提香
龙飞明珠花园北区
华商公馆
华南城紫荆名都二期沁园
名邦西城秀里
华地紫金府
幸福大街西区
菁华园
好运长安
翡翠社区侯岗小区
金辉中梁优步学府
安徽水电学院教师公寓
中海嶺湖湾
中街水晶城
高速时代御府
太平洋森活广场
水建花园小区
和安家园
馆驿花园
华地翡翠公园
金云国际大厦
翡翠社区侯岗小区
滨河小区
滨河家园
旺郢家园
包公家园
西城时代花园
南郢社区
凉亭小区
卫星社区
张郢小区
灯塔小区
张郢小区（二区）
顺和家园南区
金星和园南区
锦绣花园
翡翠家园
李湾安置小区
丰辉国际广场
圆通商厦
柏堰雅苑
凉亭雅苑
万振紫蓬湾
维C派
包公路163号
朝南新村
新华书店宿舍
上河城
舒雅文沁苑
文苑巷
华商广场
桃花社区桃花新村小区
文苑巷
公园新村
美好紫蓬山壹号
公园新村
玫瑰苑(肥西)
大众时代广场小区
舒雅文沁苑
沿河花园小区
农机厂宿舍楼
幸福楼
商会楼
金水苑
翡翠三期
众鑫楼
华商广场
建工大厦
客运八公司楼
圆通商厦
警安花园
医药小区
玫瑰苑(肥西)
上派镇包公路小区
沿河花园小区
金星和园北区
上派镇包公路小区
朝南新村
加侨波普驻区
九九商住楼
肥西县烟草局院家属楼
禹洲天玺二期
大众时代广场小区
医药小区
阳光公寓
观澜天下
方郢商住楼
巢湖西路新汽车站综合楼
包公路小区
中铁四局七公司
滨水苑
城南新村
包公路花炮中心小区
泰来尚品
鲲鹏楼
华斌楼
鑫鑫花园
巢湖路水利局宿舍
镇政府大院
新华路安置楼
客运八公司楼
花苑小区
新城花园
预制厂小区
桦樟名苑
云海家园
政园小区
聚缘山庄
新鑫公寓
西南欢乐城
华南城紫荆名都三期
堰湖山庄东区
庐南星河家园东区
西苑新村
新型家园
四十埠家园
香樟花园
摩恩时代花园
鑫林雅居小区
龙飞明珠花园南区
桃花苑
聚鑫公寓
滨河雅苑
农贸大市场
宝地家园
省水安公司
科创和谐盛世
盛世珑门
钱江1号公馆
城东小区
顺美家园
名流高尔夫庄园
华悦公馆
幸福园
新华九龙首府
丽景湾
安居苑小区
肥西中学西区宿舍楼
锦绣苑
丽丰铂羽公馆
宾馆小区
紫蓬花园
好运雅苑小区
