百商悦澜山
御景城
淮矿馥邦天下
华地紫园
海亮九玺
圣联香御公馆
保利梧桐语
永和家园
博澳丽苑
保利西山林语
尚成花园
和一花园
蓝光雍锦半岛
新华御湖上园
祥源城
海岸星辰
梦园小区
兴园小区北区
绿城桂花园
兴园小区
峰尚国际
幸福金色年华
岭湖墅
旭辉湖山源著
蜀南庭苑
上铁银欣花园
华纺新华城
百商现代名苑
景尚名郡
蜀湖湾小区
金徽阳光大厦
江南新村
拓基城市广场
复兴家园
新西茗阁
国轩K西嘉
瑞和山水居
徽商城市风景
澜溪镇
悦湖山院
蓝鼎海棠湾
金濠优活城
徽商优山美地
万盛苑
祥源金港湾
中铁四局八分公司合肥西站办事处
海亮九台别墅
阳光御湖苑
幸福里程
车城小区
祥源城三期
优活公寓
车城小区西区
祥源城湖山别墅
蜀山名筑
长宁家园
新鸿安公寓
园景天下
柏堰商业楼
绿地乔治庄园
保利柏林之春
百商澜山墅
顶间花园
皖新朗诗麓院
白帝海棠小区
北雁湖金茂湾
望园小区
亿诺商务中心
文一名门学府里
砂之船合肥奥特莱斯艺术商业广场
徽商城市庭院
西子曼城
蜀峰湾
环东小区
鲲鹏国际广场
祥源城湖山小筑
信铃国际天启
置地创新中心
华邦蜀山别院
合烟职工宿舍
紫兰苑
安徽林业学院教职工宿舍
中国电科三十八所
世茂国风
桑夏精英时代广场
中南樾府
安徽省长江计量所建设职工宿舍楼
亿诺商务中心
保利柏林之春
北雁湖金茂湾
砂之船合肥奥特莱斯艺术商业广场
皖新朗诗麓院
鲲鹏国际广场
华邦蜀山别院
天怡国际商务中心天怡大厦
圣联时代广场
维多利亚
望江台
岚翠苑
科园创业中心
和庄别墅
欣塘家园
天骄华庭
金濠小区
二环新村
香格里拉广场商务中心
汇景城市中心
蜀山凡高
喜尔美大厦
蜀翠苑
浙商大厦
碧海山庄
柏岭大厦
拓基金座
环东小区北区
电建小区
永和家园三期北区
