信旺华府骏苑
沃野花园
金色名郡
安粮城市广场
航空新城
公园道1号
中国铁建青秀城
大富山庄
大溪地天逸轩
信达西山银杏
加侨悦山国际东区
红皖家园
大溪地御倾城
金大地1912
中海原山
印象西湖
大溪地天泽轩
安高城市天地
大溪地天悦轩
枫丹白鹭湖公馆
建业领翔花园
华润幸福里
华邦蜀山里
加侨悦山国际西区
通和易居同辉南苑
汉嘉都市森林
御安西苑
奥园城市天地
中国铁建国际公馆
金色池塘三期
大溪地天润轩
凤凰城家家景园三期
金域华府
安居苑东村
香樟雅苑
博威香山丽舍
盛世名城
华地学府名都
领势公馆
西园新村
大溪地天籁轩
中央美域花园B区
登云庭
山水间花园
华润桃源里
正创上品家苑
奥林花园
新华学府春天
琥珀北村
新华优阁
加侨悦山国际
西环中心广场
安居苑西村
维也纳森林花园
海亚当代
港汇广场
公园道壹号恢复楼
燕园
福乐门
广利花园南区
御琴湾
丰盛华庭
安粮城市广场QQ公寓
新加坡花园城
华地公馆公寓
绿城百合公寓
凤凰城家家景园二期
通和易居同辉北苑
丁香家园二期
凤凰城家家景园一期
新华国际公寓
蜀麓苑
九华华林家园
新华学府星座
蓝光禹洲城
西城山水居
海雨家园
天一家园
丁香家园一期
新景花园
华邦繁华里
琥珀中村
长江花园
通和易居时代
惠民新村
光明世家
百盛苑
金环花园北区
中央美域花园A区
公交蜀山园
松芝万象城
华地公馆西区
合九新村
琥珀南村
蜀鑫雅苑
甘泉新村东区
紫荆商务广场
金色池塘二期
合作化南路114号
颐和花园
翡翠园
黄山花园
金色池塘
黎阳嘉苑
光明苑
龙居山庄
春晓翠庭
山湖苑西区
安徽省电力公司黄山路生活区
中天蓝山
碧雨花园
科学家园
南屏家园
自由舱公寓
黄金广场
金湖新村
金枫苑
丁怡花园
颐和花园慧苑
新华学府花园
上堤公寓
玉兰新村
西园新村区政府宿舍
华地公馆东区
颐和花园澄苑
湖东新村
绿缘居
碧林园
锻压机床厂北区
天一家园清溪苑
国祯广场庐西门
绩溪路210号
琥珀东村
西园南村
求实领势学府
路缘小区
丁香家园四期
山湖苑东区
红鑫新村
第四医院宿舍
团安新村
山湖新村
合肥学院生活区
青阳新村
甘泉新村西区
百合花园
汽修小区
南山新村
龙凤嘉园二期
印象西湖恢复楼
科技苑
伯益经典雅苑
龙凤嘉园一期
鼎元别院
岳西东村
美林苑北区
丁香家园三期
合轻家园
省外贸绩溪新村
蜀新西澜
蜀山新村
啤酒厂宿舍
岳西新村
电信小区（五里墩）
统计新村
建邦皇嘉锦苑二期
明远新村
新文采花园
叉车厂宿舍
翠宁雅苑
辰元小区
当代MOMΛ
森林橙堡
航鑫家苑
红园小区
建邦皇嘉锦苑一期
金隅南七里
天地人科文苑
梅园公寓
乳品厂小区
奥林花园园景苑
国防工办小区
卫楼新村
翠竹园A区
邮电新村
水景阁
天鹅花园
颐和阳光大厦
化机小区
五安家园
颐和花园澜苑
沈小郢小区
金环花园南区
秀水花园
庐阳佳苑D组团
江南书苑
庐阳佳苑E组团
高河花园
稻香楼宿舍
市委党校宿舍
CBC拓基广场
蜀苑新村
华亿大厦
省教委宿舍
龙居山庄锦龙居
奥林花园2期
史河路6号
天一大厦
颐和花园庐阳佳苑
龙居山庄天龙居
粮站宿舍
安徽省电力设计院第二生活区
永新大厦
胸科医院宿舍
颐和花园锦苑
省植保站宿舍
盛华苑
合肥市第四休养所
牛奶厂宿舍
美林苑南区
大富鸿墅
明星苑
省旅游公司宿舍
福乐园小区
淝滨小区
电信小区（潜山路）
翠竹园B区
华润桃源里B区
万象新天
桥南公寓
水湖路21号
轴承新村南区
美丽华花园
蜀山路小学宿舍
康居苑小区
液压件厂宿舍
动力新二村
颐和花园清苑
兴业苑
中兴花园(蜀山区)
元件五厂
琥珀花园村
利恒嘉苑
朝阳小区
幸福金色湖畔
理想年代
曹郢巷14号
欣钰雅居苑
中央星座
农委宿舍
振荣锦尚公馆
怡园小区西区
新华学府银座
公安局宿舍
植保路12号
虹雨花园
中行宿舍
燃料公司宿舍
合力家园三村
白鹭苑
天玥中心
长江西路47号
天合大院
合作化北路54号
董大郢恢复楼
合九合作化新村
自行车小区南区
水湖路31号
锅炉厂宿舍
望江西路88号
清溪家园
安徽省林科院
桂竹苑
芳香家园
银行宿舍
金溪苑
储备局宿舍
地方铁路家园
潜山路恢复楼宿舍
蜀山区检察院宿舍
淝滨菜市场
清溪路101号
金徽苑小区
公安局宿舍
青阳西村派出所宿舍
电信工程公司宿舍
合作化南路24号
中翰名庭
肥西路80号
邮电干休所
帝豪大厦
建派小区
富苑小区
安农大六宿舍
旺兴商业街东区
省高院宿舍
金寨路281号
园林局宿舍
机研所宿舍
水湖路
省一建综合楼
平安家园
中国铁建清溪国际璟园
庐阳街宿舍
京冠悦荣府
新加坡花园城北区
龙湖丽丰西宸原著
名郡生活广场
电信小区（西园）
官亭路8号
测绘局宿舍
安徽省电气工程学院家属楼
华微家园
蜀沁园西区
潜龙山庄
星海都市公馆
潜山路382号南生活区
众诚公寓
安医大一附院家属区
蜀河路B20号
立基大厦
物资局宿舍
安农南院教育厅宿舍
城改盛景国际
绩溪路240号
西环商贸中心
舫苑
省卫计生委宿舍
建派小区
旺兴商业街东区
富苑小区
安农大六宿舍
华润桃源里C区
安徽大学宿舍
帝豪大厦
肥西路80号
医药公司宿舍
机研所宿舍
水湖路
地方铁路家园
朝阳村恢复楼
南岗中学宿舍小区
桂竹苑
安徽省电力设计院第三生活区
省卫计生委宿舍
十七中生活区
化工站宿舍
五里墩邮政小区
中昇融智文化科技园
史河路8号
樊洼路4号
中医附院南苑
省高院宿舍
东兴路13号
安农南院教育厅宿舍
潜山路382号北生活区
安医大一附院家属区
西环商贸中心
中翰名庭
建派小区
化工站宿舍
史河路8号
旺兴商业街东区
富苑小区
安农大六宿舍
省卫计生委宿舍
樊洼路4号
长江西路620
合肥燃料公司南七煤球厂宿舍
安医大一附院家属区
电信工程公司宿舍
合力家园二村
潜山路382号北生活区
金徽苑小区
稻香阁小区
省高院宿舍
剑桥小区
东兴路13号
合作化南路24号
乐客街
建材局宿舍(蜀山)
清溪路101号
合作化路94号
蜀河路B20号
梅山路21号
聚凤华庭北区
五十中宿舍
静源小区
国瑞大厦
山湖苑
消防五中队宿舍
中医附院南苑
十七中生活区
长江西路25号
中昇融智文化科技园
东兴庄恢复楼
五里墩邮政小区
安徽警官职业学院东区
立基大厦
合肥通用机械研究院前生活区
奥园城央壹品
水果批发市场小区
石油勘探院宿舍
西郊供销社
岳西路72
三江小区
物资局宿舍
省计生委宿舍
市三十四中宿舍
海亮熙园
杏花商贸城
阳光花园联发小区
路桥宿舍
医药公司宿舍
合作南路134号
金大地悦澜公馆
煤球厂小区
合肥市儿童福利院
省医红会小区
东汽小区
康宁家园
省一建宿舍
自行车小区
翡翠园小区
文惠园
省医保局宿舍
常青棉织厂住宅楼
电气工程学院宿舍
急救中心宿舍
金桂花园
合肥通用机械研究院前生活区
剑桥小区
美乐园
三江小区
石油勘探院宿舍
建材局宿舍(蜀山)
合作化路94号
怡园小区东区
交警二大队宿舍
安徽省公路管理局南门宿舍
华冶家园
华丰小区
法院宿舍
安徽路桥宿舍南区
粮食三库小区
省建机厂宿舍
董铺水库管理局宿舍
文馨园
