信地华地城
禹洲华侨城三期枫园
禹洲华侨城三期荷园
禹洲天玺
文一名门绿洲
禹洲华侨城二期柳园
东冠繁华逸城
绿地新都会 西城国际花都 二期
绿地海德公馆
长安萨尔斯堡
鼎元公馆
华地翡翠蓝湾
新华阳光国际
光明观澜公馆
太平洋森活公馆
华南城紫荆名都馨园
花园锦绣大地城
绿地西城国际花都
华地翡翠蓝湾二期
禹洲华侨城一期
学林雅苑
和昌中央悦府
原树提香
华南城紫荆名都二期沁园
幸福大街西区
好运长安
安徽水电学院教师公寓
中街水晶城
太平洋森活广场
和安家园
农资商住楼
旭日长安
泰来傲城
三圆
光明观澜印象
书香雅苑
多伦多花园
联建楼
名邦西城国际
瑞康家园
幸福大街东区
翰林水岸
绿地海德公馆二期
安全苑小区
富康居小区
金宇天地城
新华御湖庄园
文一名门御府
合肥市公路管理局肥西分局
沃顿花园
观澜学府
金云国际
肥西县粮食局
锦程大厦
南空花园小区
东南花园
上园
食品小区
长安一品
繁华新园
龙飞明珠花园北区
华商公馆
金桂苑小区
名邦西城秀里
开拓环球世家
华地紫金府
菁华园
前城上品
翡翠社区侯岗小区
新城家园(肥西县)
水安盛世桃源
水建花园小区
巴厘·阳光
玖方广场
文一西溪湾
书苑雅居
馆驿花园
金云国际大厦
华地翡翠公园
融创玖樟台
春景花园
肥西县政府大院
顺和家园北区
名邦中央公馆
星河家园西区
万派城
圆通商厦
包公路163号
新华书店宿舍
文苑巷
美好紫蓬山壹号
公园新村
舒雅文沁苑
沿河花园小区
幸福楼
翡翠三期
众鑫楼
华商广场
华地翡翠公园
警安花园
金云国际大厦
玫瑰苑(肥西)
翡翠社区侯岗小区
上派镇包公路小区
滨河小区
金星和园北区
滨河家园
朝南新村
旺郢家园
包公家园
西城时代花园
九九商住楼
南郢社区
肥西县烟草局院家属楼
凉亭小区
卫星社区
大众时代广场小区
医药小区
张郢小区
方郢商住楼
灯塔小区
张郢小区（二区）
包公路小区
顺和家园南区
金星和园南区
滨水苑
包公路花炮中心小区
翡翠家园
华斌楼
李湾安置小区
镇政府大院
新华路安置楼
客运八公司楼
花苑小区
凉亭雅苑
维C派
上河城
桃花社区桃花新村小区
文苑巷
翡翠社区侯岗小区
玖方广场
馆驿花园
水建花园小区
高速时代御府
皖投国滨世家
中海嶺湖湾
金辉中梁优步学府
华地翡翠公园
金云国际大厦
张郢小区
滨河家园
旺郢家园
李湾安置小区
南郢社区
西城时代花园
张郢小区（二区）
顺和家园南区
卫星社区
阳光公寓
新型家园
四十埠家园
安居苑小区
肥西中学西区宿舍楼
锦绣苑
顺美家园
丽景湾
预制厂小区
丽丰铂羽公馆
西南欢乐城
华南城紫荆名都三期
庐南星河家园东区
堰湖山庄东区
新型家园
西苑新村
四十埠家园
桃花苑
龙飞明珠花园南区
聚鑫公寓
农贸大市场
滨河雅苑
宝地家园
摩恩时代花园
鑫林雅居小区
香樟花园
省水安公司
钱江1号公馆
桦樟名苑
丽丰铂羽公馆
预制厂小区
安居苑小区
肥西中学西区宿舍楼
锦绣苑
盛世珑门
科创和谐盛世
城东小区
聚缘山庄
宾馆小区
紫蓬花园
政园小区
新城花园
好运雅苑小区
新鑫公寓
