发能太阳海岸
融科九重锦
凯旋门二期
保利香槟国际
恒大华府
栢悦公馆
融侨天骏
乐富强御龙湾
凯旋门
琥珀五环城和雅阁
琥珀五环城和风阁
国际丽晶城
森林海
imore公寓
国际花都郁金苑
文一名门首府
颐园世家
国贸天琴湾
华邦世贸城
翠庭园
国际花都玫瑰苑
天香苑
岸上玫瑰
天珑广场
信达水岸茗都
国际花都丹若苑
宋都西湖花苑
浅水湾
嘉和苑小区
国建香榭水都
常青花园
丹青花园
皖西新村
合肥恒润花园
湖东景园北区
茗香苑
自行车厂宿舍
亚华新城邦茗苑
中国铁路四局集团第七工程公司
姚公新村
路桥公司宿舍
水墨兰庭
文一品一墅
水墨兰庭北区
绿地花都蓝蝶苑
平安大厦
天鹅湖畔
汽运三公司
雏菊苑
油库生活小区
金祁花园
内森庄园
绿怡居西区
中侨中心
金潜广场
山水名城
中辰国际大厦
华邦ICC
旭辉花园
置地广场写字楼
常青花园东区
绿怡居东区
十五里河新村
天鹅湾花园
蓝海国际C座
天鹅湖一号
蓝海国际A座
三盛颐景园
汇林阁西区
书香苑
合肥市总商务大厦
金皖大院
岸上玫瑰北区
栢悦中心
八二一小区
安粮云水居
天鹅湖九号
湖畔徽映阁
湖东景园南区
新地中心
和谐家园(政务)
融创合肥壹号院
明珠创世纪花园
天鹅湖万达广场
祥源汇博名座
四方新村
天和园
陶然居
汇林阁东区
绿怡居东小高层
新城国际
蓝海国际B座
汇林阁小区小高层西
五十四中宿舍
白天鹅国际商务中心
百利中心
近水阁
亚华新城邦锦园
绿怡居西小高层
亚华新城邦雅轩
蔚蓝商务港
华润大厦
天鹅湖ΜΟΜΛ
融创信达政务壹号
湖畔春天
