世茂翡翠首府
东海星城
华地润园
金大地时代天街
葛洲坝玖珑府
融科城融和园
融科城融祥园
上湖名院
一里洋房
华邦观筑里
百乐门悦府
绿地滨湖国际花都
国耀花半里
绿城翡翠湖玫瑰园
中环云邸
九溪江南
中环紫荆公馆
南湖春城
名仕豪庭
御湖观邸
尚泽紫金公馆
翰林府邸
南郡明珠
翠微苑
高速翡翠湖畔
雍景台
华凤国际
铜冠花园
港澳花园
金星家园
临湖社区
蓝色湖畔
禹洲翡翠湖郡
尚泽大都会
金水童话名苑
大学城博雅居
汇峰苹果小镇
名筑花园
翡翠花园翠湖苑
翠湖苑
上海城市
翰林雅居
丰大国际
观澜华庭
德信文锦新城
东海徽园
安大磬苑
碧湖蓝庭
中环城国际公寓
报业园
绿地滨湖印象
佳境枫情苑
经典华城
明珠湖畔
紫金山庄
天门湖锦城
翡翠花园
时光原著
翡翠公寓
国耀一方城
紫云花园
文一名门南郡
福禄园
西城秀里
熔安家园
加侨悦湖公馆
东海花园
国轩名门
紫御府
繁华世家
香水郡
翠微北园
青年城1号
香江龙韵豪庭
合肥海恒金屿海岸
融科城融福园
远大尚林苑
天门湖花园
和谐家园(经开)
汇林园
滨湖时光
海馨苑
名邦锦绣年华
国耀星达城
锦绣城市之光
九龙园
南艳湾
瑞格花园
天门湖新界
报业园东区
丹霞柠檬郡
大地雅苑
乡村花园
南艳瑞景
芙蓉名园
丽景碧雅
四方花苑
红莲园
福禄南园
滨湖凡高
明珠广场公寓
依澜雅居二期
绿海商务学院
方兴园
翡翠花园芳岛墅
凯旋公寓
天门湖家园
文峰国厚大厦
桃花镇邮政局宿舍
依澜雅居
应流花园
海尔公寓
滨湖前城
明珠华庭
东湖高新合肥创新中心
紫云山庄
融创城
石门路2491号
翠微南园
桃花民营企业区
香馨创谷
东华园
天润大厦
格林硅谷
丹霞新村桃花新苑
中环湖滨公馆
中环艺术馆B区
水建小区
青芒loft
绿苑
铂爵公馆
经典广场
融创城·融福园
安通缘梦天地
月半湾青年公寓
邦泰科技城
新华徽府
合肥天润国际大厦
皖投万科产融中心
华宇未来城
南艳碧湖花园
世茂君望墅
方兴桃园
华冶天然居
始信花园
钻界公寓
安庐小区
书缘居
康居苑
翡翠商城
怡缘
金星翡翠湖SOHO城
天门湖博雅居
芙蓉公寓
大华国际港
桃花社区
港澳广场钻界SOHO
尚泽国际
御景前城
金佳医疗宿舍
汇景苑
方兴园北区
江汽六村
松林苑
卧云新村
江汽五村
金都嘉园
蓬莱花园
公交锦绣园
怡莲新城
桃源小区
凤凰国际
朝霞园
百乐门广场
莲花新村
康利园
好运锦绣年华
米兰阳光花园
芒果墅
莲花新村
新年新村
桃花镇染坊社区北苑
翠微西园芙蓉社区
桃花镇染坊社区
天时非常空间
方兴园南区
中环CBD
泓泰苑
石门路小区
如园
汇美广场
